{"numFailedTestSuites":1,"numFailedTests":5,"numPassedTestSuites":0,"numPassedTests":0,"numPendingTestSuites":0,"numPendingTests":0,"numRuntimeErrorTestSuites":0,"numTodoTests":0,"numTotalTestSuites":1,"numTotalTests":5,"openHandles":[],"snapshot":{"added":0,"didUpdate":false,"failure":false,"filesAdded":0,"filesRemoved":0,"filesRemovedList":[],"filesUnmatched":0,"filesUpdated":0,"matched":0,"total":0,"unchecked":0,"uncheckedKeysByFile":[],"unmatched":0,"updated":0},"startTime":1785101492165,"success":false,"testResults":[{"assertionResults":[{"ancestorTitles":["VTU Data/Airtime edge cases"],"duration":4,"failureDetails":[{"name":"PrismaClientInitializationError","clientVersion":"5.22.0"}],"failureMessages":["PrismaClientInitializationError: \nInvalid `prisma.ledgerEntry.deleteMany()` invocation in\nC:\\projects\\Data_App\\src\\tests\\edgeCases.test.ts:16:30\n\n  13 let userId: string;\n  14 \n  15 beforeAll(async () => {\n→ 16   await prisma.ledgerEntry.deleteMany(\nCan't reach database server at `localhost:5432`\n\nPlease make sure your database server is running at `localhost:5432`.\n    at $n.handleRequestError (C:\\projects\\Data_App\\node_modules\\@prisma\\client\\runtime\\library.js:121:7615)\n    at $n.handleAndLogRequestError (C:\\projects\\Data_App\\node_modules\\@prisma\\client\\runtime\\library.js:121:6623)\n    at $n.request (C:\\projects\\Data_App\\node_modules\\@prisma\\client\\runtime\\library.js:121:6307)\n    at async l (C:\\projects\\Data_App\\node_modules\\@prisma\\client\\runtime\\library.js:130:9633)\n    at async Object.<anonymous> (C:\\projects\\Data_App\\src\\tests\\edgeCases.test.ts:16:5)"],"fullName":"VTU Data/Airtime edge cases phone number normalization handles 0803..., +234803..., 234803...","invocations":1,"location":null,"numPassingAsserts":0,"retryReasons":[],"status":"failed","title":"phone number normalization handles 0803..., +234803..., 234803..."},{"ancestorTitles":["VTU Data/Airtime edge cases"],"duration":1,"failureDetails":[{"name":"PrismaClientInitializationError","clientVersion":"5.22.0"}],"failureMessages":["PrismaClientInitializationError: \nInvalid `prisma.ledgerEntry.deleteMany()` invocation in\nC:\\projects\\Data_App\\src\\tests\\edgeCases.test.ts:16:30\n\n  13 let userId: string;\n  14 \n  15 beforeAll(async () => {\n→ 16   await prisma.ledgerEntry.deleteMany(\nCan't reach database server at `localhost:5432`\n\nPlease make sure your database server is running at `localhost:5432`.\n    at $n.handleRequestError (C:\\projects\\Data_App\\node_modules\\@prisma\\client\\runtime\\library.js:121:7615)\n    at $n.handleAndLogRequestError (C:\\projects\\Data_App\\node_modules\\@prisma\\client\\runtime\\library.js:121:6623)\n    at $n.request (C:\\projects\\Data_App\\node_modules\\@prisma\\client\\runtime\\library.js:121:6307)\n    at async l (C:\\projects\\Data_App\\node_modules\\@prisma\\client\\runtime\\library.js:130:9633)\n    at async Object.<anonymous> (C:\\projects\\Data_App\\src\\tests\\edgeCases.test.ts:16:5)"],"fullName":"VTU Data/Airtime edge cases duplicate purchase requests from rapid double-tap are idempotent","invocations":1,"location":null,"numPassingAsserts":0,"retryReasons":[],"status":"failed","title":"duplicate purchase requests from rapid double-tap are idempotent"},{"ancestorTitles":["VTU Data/Airtime edge cases"],"duration":14,"failureDetails":[{"name":"PrismaClientInitializationError","clientVersion":"5.22.0"}],"failureMessages":["PrismaClientInitializationError: \nInvalid `prisma.ledgerEntry.deleteMany()` invocation in\nC:\\projects\\Data_App\\src\\tests\\edgeCases.test.ts:16:30\n\n  13 let userId: string;\n  14 \n  15 beforeAll(async () => {\n→ 16   await prisma.ledgerEntry.deleteMany(\nCan't reach database server at `localhost:5432`\n\nPlease make sure your database server is running at `localhost:5432`.\n    at $n.handleRequestError (C:\\projects\\Data_App\\node_modules\\@prisma\\client\\runtime\\library.js:121:7615)\n    at $n.handleAndLogRequestError (C:\\projects\\Data_App\\node_modules\\@prisma\\client\\runtime\\library.js:121:6623)\n    at $n.request (C:\\projects\\Data_App\\node_modules\\@prisma\\client\\runtime\\library.js:121:6307)\n    at async l (C:\\projects\\Data_App\\node_modules\\@prisma\\client\\runtime\\library.js:130:9633)\n    at async Object.<anonymous> (C:\\projects\\Data_App\\src\\tests\\edgeCases.test.ts:16:5)"],"fullName":"VTU Data/Airtime edge cases provider false positive 200 OK with failed payload is normalized to failure","invocations":1,"location":null,"numPassingAsserts":0,"retryReasons":[],"status":"failed","title":"provider false positive 200 OK with failed payload is normalized to failure"},{"ancestorTitles":["VTU Data/Airtime edge cases"],"duration":0,"failureDetails":[{"name":"PrismaClientInitializationError","clientVersion":"5.22.0"}],"failureMessages":["PrismaClientInitializationError: \nInvalid `prisma.ledgerEntry.deleteMany()` invocation in\nC:\\projects\\Data_App\\src\\tests\\edgeCases.test.ts:16:30\n\n  13 let userId: string;\n  14 \n  15 beforeAll(async () => {\n→ 16   await prisma.ledgerEntry.deleteMany(\nCan't reach database server at `localhost:5432`\n\nPlease make sure your database server is running at `localhost:5432`.\n    at $n.handleRequestError (C:\\projects\\Data_App\\node_modules\\@prisma\\client\\runtime\\library.js:121:7615)\n    at $n.handleAndLogRequestError (C:\\projects\\Data_App\\node_modules\\@prisma\\client\\runtime\\library.js:121:6623)\n    at $n.request (C:\\projects\\Data_App\\node_modules\\@prisma\\client\\runtime\\library.js:121:6307)\n    at async l (C:\\projects\\Data_App\\node_modules\\@prisma\\client\\runtime\\library.js:130:9633)\n    at async Object.<anonymous> (C:\\projects\\Data_App\\src\\tests\\edgeCases.test.ts:16:5)"],"fullName":"VTU Data/Airtime edge cases stale plan IDs are rejected before provider submission","invocations":1,"location":null,"numPassingAsserts":0,"retryReasons":[],"status":"failed","title":"stale plan IDs are rejected before provider submission"},{"ancestorTitles":["VTU Data/Airtime edge cases"],"duration":0,"failureDetails":[{"name":"PrismaClientInitializationError","clientVersion":"5.22.0"}],"failureMessages":["PrismaClientInitializationError: \nInvalid `prisma.ledgerEntry.deleteMany()` invocation in\nC:\\projects\\Data_App\\src\\tests\\edgeCases.test.ts:16:30\n\n  13 let userId: string;\n  14 \n  15 beforeAll(async () => {\n→ 16   await prisma.ledgerEntry.deleteMany(\nCan't reach database server at `localhost:5432`\n\nPlease make sure your database server is running at `localhost:5432`.\n    at $n.handleRequestError (C:\\projects\\Data_App\\node_modules\\@prisma\\client\\runtime\\library.js:121:7615)\n    at $n.handleAndLogRequestError (C:\\projects\\Data_App\\node_modules\\@prisma\\client\\runtime\\library.js:121:6623)\n    at $n.request (C:\\projects\\Data_App\\node_modules\\@prisma\\client\\runtime\\library.js:121:6307)\n    at async l (C:\\projects\\Data_App\\node_modules\\@prisma\\client\\runtime\\library.js:130:9633)\n    at async Object.<anonymous> (C:\\projects\\Data_App\\src\\tests\\edgeCases.test.ts:16:5)"],"fullName":"VTU Data/Airtime edge cases slow webhook arrival still credits wallet idempotently","invocations":1,"location":null,"numPassingAsserts":0,"retryReasons":[],"status":"failed","title":"slow webhook arrival still credits wallet idempotently"}],"endTime":1785101506902,"message":"\u001b[1m\u001b[31m  \u001b[1m● \u001b[22m\u001b[1mVTU Data/Airtime edge cases › phone number normalization handles 0803..., +234803..., 234803...\u001b[39m\u001b[22m\n\n    PrismaClientInitializationError: \n    Invalid `prisma.ledgerEntry.deleteMany()` invocation in\n    C:\\projects\\Data_App\\src\\tests\\edgeCases.test.ts:16:30\n\n      13 let userId: string;\n      14 \n      15 beforeAll(async () => {\n    → 16   await prisma.ledgerEntry.deleteMany(\n    Can't reach database server at `localhost:5432`\n\n    Please make sure your database server is running at `localhost:5432`.\n\u001b[2m\u001b[22m\n\u001b[2m    \u001b[0m \u001b[90m 14 |\u001b[39m\u001b[22m\n\u001b[2m     \u001b[90m 15 |\u001b[39m   beforeAll(\u001b[36masync\u001b[39m () \u001b[33m=>\u001b[39m {\u001b[22m\n\u001b[2m    \u001b[31m\u001b[1m>\u001b[22m\u001b[2m\u001b[39m\u001b[90m 16 |\u001b[39m     \u001b[36mawait\u001b[39m prisma\u001b[33m.\u001b[39mledgerEntry\u001b[33m.\u001b[39mdeleteMany({})\u001b[33m;\u001b[39m\u001b[22m\n\u001b[2m     \u001b[90m    |\u001b[39m     \u001b[31m\u001b[1m^\u001b[22m\u001b[2m\u001b[39m\u001b[22m\n\u001b[2m     \u001b[90m 17 |\u001b[39m     \u001b[36mawait\u001b[39m prisma\u001b[33m.\u001b[39mtransaction\u001b[33m.\u001b[39mdeleteMany({})\u001b[33m;\u001b[39m\u001b[22m\n\u001b[2m     \u001b[90m 18 |\u001b[39m     \u001b[36mawait\u001b[39m prisma\u001b[33m.\u001b[39mwallet\u001b[33m.\u001b[39mdeleteMany({})\u001b[33m;\u001b[39m\u001b[22m\n\u001b[2m     \u001b[90m 19 |\u001b[39m     \u001b[36mawait\u001b[39m prisma\u001b[33m.\u001b[39muser\u001b[33m.\u001b[39mdeleteMany({})\u001b[33m;\u001b[39m\u001b[0m\u001b[22m\n\u001b[2m\u001b[22m\n\u001b[2m      \u001b[2mat $n.handleRequestError (\u001b[22m\u001b[2mnode_modules/@prisma/client/runtime/library.js\u001b[2m:121:7615)\u001b[22m\u001b[2m\u001b[22m\n\u001b[2m      \u001b[2mat $n.handleAndLogRequestError (\u001b[22m\u001b[2mnode_modules/@prisma/client/runtime/library.js\u001b[2m:121:6623)\u001b[22m\u001b[2m\u001b[22m\n\u001b[2m      \u001b[2mat $n.request (\u001b[22m\u001b[2mnode_modules/@prisma/client/runtime/library.js\u001b[2m:121:6307)\u001b[22m\u001b[2m\u001b[22m\n\u001b[2m      \u001b[2mat async l (\u001b[22m\u001b[2mnode_modules/@prisma/client/runtime/library.js\u001b[2m:130:9633)\u001b[22m\u001b[2m\u001b[22m\n\u001b[2m      \u001b[2mat async Object.<anonymous> (\u001b[22m\u001b[2m\u001b[0m\u001b[36msrc/tests/edgeCases.test.ts\u001b[39m\u001b[0m\u001b[2m:16:5)\u001b[22m\u001b[2m\u001b[22m\n\n\u001b[1m\u001b[31m  \u001b[1m● \u001b[22m\u001b[1mVTU Data/Airtime edge cases › duplicate purchase requests from rapid double-tap are idempotent\u001b[39m\u001b[22m\n\n    PrismaClientInitializationError: \n    Invalid `prisma.ledgerEntry.deleteMany()` invocation in\n    C:\\projects\\Data_App\\src\\tests\\edgeCases.test.ts:16:30\n\n      13 let userId: string;\n      14 \n      15 beforeAll(async () => {\n    → 16   await prisma.ledgerEntry.deleteMany(\n    Can't reach database server at `localhost:5432`\n\n    Please make sure your database server is running at `localhost:5432`.\n\u001b[2m\u001b[22m\n\u001b[2m    \u001b[0m \u001b[90m 14 |\u001b[39m\u001b[22m\n\u001b[2m     \u001b[90m 15 |\u001b[39m   beforeAll(\u001b[36masync\u001b[39m () \u001b[33m=>\u001b[39m {\u001b[22m\n\u001b[2m    \u001b[31m\u001b[1m>\u001b[22m\u001b[2m\u001b[39m\u001b[90m 16 |\u001b[39m     \u001b[36mawait\u001b[39m prisma\u001b[33m.\u001b[39mledgerEntry\u001b[33m.\u001b[39mdeleteMany({})\u001b[33m;\u001b[39m\u001b[22m\n\u001b[2m     \u001b[90m    |\u001b[39m     \u001b[31m\u001b[1m^\u001b[22m\u001b[2m\u001b[39m\u001b[22m\n\u001b[2m     \u001b[90m 17 |\u001b[39m     \u001b[36mawait\u001b[39m prisma\u001b[33m.\u001b[39mtransaction\u001b[33m.\u001b[39mdeleteMany({})\u001b[33m;\u001b[39m\u001b[22m\n\u001b[2m     \u001b[90m 18 |\u001b[39m     \u001b[36mawait\u001b[39m prisma\u001b[33m.\u001b[39mwallet\u001b[33m.\u001b[39mdeleteMany({})\u001b[33m;\u001b[39m\u001b[22m\n\u001b[2m     \u001b[90m 19 |\u001b[39m     \u001b[36mawait\u001b[39m prisma\u001b[33m.\u001b[39muser\u001b[33m.\u001b[39mdeleteMany({})\u001b[33m;\u001b[39m\u001b[0m\u001b[22m\n\u001b[2m\u001b[22m\n\u001b[2m      \u001b[2mat $n.handleRequestError (\u001b[22m\u001b[2mnode_modules/@prisma/client/runtime/library.js\u001b[2m:121:7615)\u001b[22m\u001b[2m\u001b[22m\n\u001b[2m      \u001b[2mat $n.handleAndLogRequestError (\u001b[22m\u001b[2mnode_modules/@prisma/client/runtime/library.js\u001b[2m:121:6623)\u001b[22m\u001b[2m\u001b[22m\n\u001b[2m      \u001b[2mat $n.request (\u001b[22m\u001b[2mnode_modules/@prisma/client/runtime/library.js\u001b[2m:121:6307)\u001b[22m\u001b[2m\u001b[22m\n\u001b[2m      \u001b[2mat async l (\u001b[22m\u001b[2mnode_modules/@prisma/client/runtime/library.js\u001b[2m:130:9633)\u001b[22m\u001b[2m\u001b[22m\n\u001b[2m      \u001b[2mat async Object.<anonymous> (\u001b[22m\u001b[2m\u001b[0m\u001b[36msrc/tests/edgeCases.test.ts\u001b[39m\u001b[0m\u001b[2m:16:5)\u001b[22m\u001b[2m\u001b[22m\n\n\u001b[1m\u001b[31m  \u001b[1m● \u001b[22m\u001b[1mVTU Data/Airtime edge cases › provider false positive 200 OK with failed payload is normalized to failure\u001b[39m\u001b[22m\n\n    PrismaClientInitializationError: \n    Invalid `prisma.ledgerEntry.deleteMany()` invocation in\n    C:\\projects\\Data_App\\src\\tests\\edgeCases.test.ts:16:30\n\n      13 let userId: string;\n      14 \n      15 beforeAll(async () => {\n    → 16   await prisma.ledgerEntry.deleteMany(\n    Can't reach database server at `localhost:5432`\n\n    Please make sure your database server is running at `localhost:5432`.\n\u001b[2m\u001b[22m\n\u001b[2m    \u001b[0m \u001b[90m 14 |\u001b[39m\u001b[22m\n\u001b[2m     \u001b[90m 15 |\u001b[39m   beforeAll(\u001b[36masync\u001b[39m () \u001b[33m=>\u001b[39m {\u001b[22m\n\u001b[2m    \u001b[31m\u001b[1m>\u001b[22m\u001b[2m\u001b[39m\u001b[90m 16 |\u001b[39m     \u001b[36mawait\u001b[39m prisma\u001b[33m.\u001b[39mledgerEntry\u001b[33m.\u001b[39mdeleteMany({})\u001b[33m;\u001b[39m\u001b[22m\n\u001b[2m     \u001b[90m    |\u001b[39m     \u001b[31m\u001b[1m^\u001b[22m\u001b[2m\u001b[39m\u001b[22m\n\u001b[2m     \u001b[90m 17 |\u001b[39m     \u001b[36mawait\u001b[39m prisma\u001b[33m.\u001b[39mtransaction\u001b[33m.\u001b[39mdeleteMany({})\u001b[33m;\u001b[39m\u001b[22m\n\u001b[2m     \u001b[90m 18 |\u001b[39m     \u001b[36mawait\u001b[39m prisma\u001b[33m.\u001b[39mwallet\u001b[33m.\u001b[39mdeleteMany({})\u001b[33m;\u001b[39m\u001b[22m\n\u001b[2m     \u001b[90m 19 |\u001b[39m     \u001b[36mawait\u001b[39m prisma\u001b[33m.\u001b[39muser\u001b[33m.\u001b[39mdeleteMany({})\u001b[33m;\u001b[39m\u001b[0m\u001b[22m\n\u001b[2m\u001b[22m\n\u001b[2m      \u001b[2mat $n.handleRequestError (\u001b[22m\u001b[2mnode_modules/@prisma/client/runtime/library.js\u001b[2m:121:7615)\u001b[22m\u001b[2m\u001b[22m\n\u001b[2m      \u001b[2mat $n.handleAndLogRequestError (\u001b[22m\u001b[2mnode_modules/@prisma/client/runtime/library.js\u001b[2m:121:6623)\u001b[22m\u001b[2m\u001b[22m\n\u001b[2m      \u001b[2mat $n.request (\u001b[22m\u001b[2mnode_modules/@prisma/client/runtime/library.js\u001b[2m:121:6307)\u001b[22m\u001b[2m\u001b[22m\n\u001b[2m      \u001b[2mat async l (\u001b[22m\u001b[2mnode_modules/@prisma/client/runtime/library.js\u001b[2m:130:9633)\u001b[22m\u001b[2m\u001b[22m\n\u001b[2m      \u001b[2mat async Object.<anonymous> (\u001b[22m\u001b[2m\u001b[0m\u001b[36msrc/tests/edgeCases.test.ts\u001b[39m\u001b[0m\u001b[2m:16:5)\u001b[22m\u001b[2m\u001b[22m\n\n\u001b[1m\u001b[31m  \u001b[1m● \u001b[22m\u001b[1mVTU Data/Airtime edge cases › stale plan IDs are rejected before provider submission\u001b[39m\u001b[22m\n\n    PrismaClientInitializationError: \n    Invalid `prisma.ledgerEntry.deleteMany()` invocation in\n    C:\\projects\\Data_App\\src\\tests\\edgeCases.test.ts:16:30\n\n      13 let userId: string;\n      14 \n      15 beforeAll(async () => {\n    → 16   await prisma.ledgerEntry.deleteMany(\n    Can't reach database server at `localhost:5432`\n\n    Please make sure your database server is running at `localhost:5432`.\n\u001b[2m\u001b[22m\n\u001b[2m    \u001b[0m \u001b[90m 14 |\u001b[39m\u001b[22m\n\u001b[2m     \u001b[90m 15 |\u001b[39m   beforeAll(\u001b[36masync\u001b[39m () \u001b[33m=>\u001b[39m {\u001b[22m\n\u001b[2m    \u001b[31m\u001b[1m>\u001b[22m\u001b[2m\u001b[39m\u001b[90m 16 |\u001b[39m     \u001b[36mawait\u001b[39m prisma\u001b[33m.\u001b[39mledgerEntry\u001b[33m.\u001b[39mdeleteMany({})\u001b[33m;\u001b[39m\u001b[22m\n\u001b[2m     \u001b[90m    |\u001b[39m     \u001b[31m\u001b[1m^\u001b[22m\u001b[2m\u001b[39m\u001b[22m\n\u001b[2m     \u001b[90m 17 |\u001b[39m     \u001b[36mawait\u001b[39m prisma\u001b[33m.\u001b[39mtransaction\u001b[33m.\u001b[39mdeleteMany({})\u001b[33m;\u001b[39m\u001b[22m\n\u001b[2m     \u001b[90m 18 |\u001b[39m     \u001b[36mawait\u001b[39m prisma\u001b[33m.\u001b[39mwallet\u001b[33m.\u001b[39mdeleteMany({})\u001b[33m;\u001b[39m\u001b[22m\n\u001b[2m     \u001b[90m 19 |\u001b[39m     \u001b[36mawait\u001b[39m prisma\u001b[33m.\u001b[39muser\u001b[33m.\u001b[39mdeleteMany({})\u001b[33m;\u001b[39m\u001b[0m\u001b[22m\n\u001b[2m\u001b[22m\n\u001b[2m      \u001b[2mat $n.handleRequestError (\u001b[22m\u001b[2mnode_modules/@prisma/client/runtime/library.js\u001b[2m:121:7615)\u001b[22m\u001b[2m\u001b[22m\n\u001b[2m      \u001b[2mat $n.handleAndLogRequestError (\u001b[22m\u001b[2mnode_modules/@prisma/client/runtime/library.js\u001b[2m:121:6623)\u001b[22m\u001b[2m\u001b[22m\n\u001b[2m      \u001b[2mat $n.request (\u001b[22m\u001b[2mnode_modules/@prisma/client/runtime/library.js\u001b[2m:121:6307)\u001b[22m\u001b[2m\u001b[22m\n\u001b[2m      \u001b[2mat async l (\u001b[22m\u001b[2mnode_modules/@prisma/client/runtime/library.js\u001b[2m:130:9633)\u001b[22m\u001b[2m\u001b[22m\n\u001b[2m      \u001b[2mat async Object.<anonymous> (\u001b[22m\u001b[2m\u001b[0m\u001b[36msrc/tests/edgeCases.test.ts\u001b[39m\u001b[0m\u001b[2m:16:5)\u001b[22m\u001b[2m\u001b[22m\n\n\u001b[1m\u001b[31m  \u001b[1m● \u001b[22m\u001b[1mVTU Data/Airtime edge cases › slow webhook arrival still credits wallet idempotently\u001b[39m\u001b[22m\n\n    PrismaClientInitializationError: \n    Invalid `prisma.ledgerEntry.deleteMany()` invocation in\n    C:\\projects\\Data_App\\src\\tests\\edgeCases.test.ts:16:30\n\n      13 let userId: string;\n      14 \n      15 beforeAll(async () => {\n    → 16   await prisma.ledgerEntry.deleteMany(\n    Can't reach database server at `localhost:5432`\n\n    Please make sure your database server is running at `localhost:5432`.\n\u001b[2m\u001b[22m\n\u001b[2m    \u001b[0m \u001b[90m 14 |\u001b[39m\u001b[22m\n\u001b[2m     \u001b[90m 15 |\u001b[39m   beforeAll(\u001b[36masync\u001b[39m () \u001b[33m=>\u001b[39m {\u001b[22m\n\u001b[2m    \u001b[31m\u001b[1m>\u001b[22m\u001b[2m\u001b[39m\u001b[90m 16 |\u001b[39m     \u001b[36mawait\u001b[39m prisma\u001b[33m.\u001b[39mledgerEntry\u001b[33m.\u001b[39mdeleteMany({})\u001b[33m;\u001b[39m\u001b[22m\n\u001b[2m     \u001b[90m    |\u001b[39m     \u001b[31m\u001b[1m^\u001b[22m\u001b[2m\u001b[39m\u001b[22m\n\u001b[2m     \u001b[90m 17 |\u001b[39m     \u001b[36mawait\u001b[39m prisma\u001b[33m.\u001b[39mtransaction\u001b[33m.\u001b[39mdeleteMany({})\u001b[33m;\u001b[39m\u001b[22m\n\u001b[2m     \u001b[90m 18 |\u001b[39m     \u001b[36mawait\u001b[39m prisma\u001b[33m.\u001b[39mwallet\u001b[33m.\u001b[39mdeleteMany({})\u001b[33m;\u001b[39m\u001b[22m\n\u001b[2m     \u001b[90m 19 |\u001b[39m     \u001b[36mawait\u001b[39m prisma\u001b[33m.\u001b[39muser\u001b[33m.\u001b[39mdeleteMany({})\u001b[33m;\u001b[39m\u001b[0m\u001b[22m\n\u001b[2m\u001b[22m\n\u001b[2m      \u001b[2mat $n.handleRequestError (\u001b[22m\u001b[2mnode_modules/@prisma/client/runtime/library.js\u001b[2m:121:7615)\u001b[22m\u001b[2m\u001b[22m\n\u001b[2m      \u001b[2mat $n.handleAndLogRequestError (\u001b[22m\u001b[2mnode_modules/@prisma/client/runtime/library.js\u001b[2m:121:6623)\u001b[22m\u001b[2m\u001b[22m\n\u001b[2m      \u001b[2mat $n.request (\u001b[22m\u001b[2mnode_modules/@prisma/client/runtime/library.js\u001b[2m:121:6307)\u001b[22m\u001b[2m\u001b[22m\n\u001b[2m      \u001b[2mat async l (\u001b[22m\u001b[2mnode_modules/@prisma/client/runtime/library.js\u001b[2m:130:9633)\u001b[22m\u001b[2m\u001b[22m\n\u001b[2m      \u001b[2mat async Object.<anonymous> (\u001b[22m\u001b[2m\u001b[0m\u001b[36msrc/tests/edgeCases.test.ts\u001b[39m\u001b[0m\u001b[2m:16:5)\u001b[22m\u001b[2m\u001b[22m\n","name":"C:\\projects\\Data_App\\src\\tests\\edgeCases.test.ts","startTime":1785101492577,"status":"failed","summary":""}],"wasInterrupted":false}
