{"numFailedTestSuites":0,"numFailedTests":0,"numPassedTestSuites":4,"numPassedTests":8,"numPendingTestSuites":0,"numPendingTests":0,"numRuntimeErrorTestSuites":0,"numTodoTests":0,"numTotalTestSuites":4,"numTotalTests":8,"openHandles":[],"snapshot":{"added":0,"didUpdate":false,"failure":false,"filesAdded":0,"filesRemoved":0,"filesRemovedList":[],"filesUnmatched":0,"filesUpdated":0,"matched":0,"total":0,"unchecked":0,"uncheckedKeysByFile":[],"unmatched":0,"updated":0},"startTime":1785283640742,"success":true,"testResults":[{"assertionResults":[{"ancestorTitles":["Resilient VTU Dispatcher Integration Suite"],"duration":3034,"failureDetails":[],"failureMessages":[],"fullName":"Resilient VTU Dispatcher Integration Suite executes all resilient VTU dispatch scenarios","invocations":1,"location":null,"numPassingAsserts":0,"retryReasons":[],"status":"passed","title":"executes all resilient VTU dispatch scenarios"}],"endTime":1785283651540,"message":"","name":"C:\\projects\\Data_App\\src\\tests\\vtu_resilient.test.ts","startTime":1785283641161,"status":"passed","summary":""},{"assertionResults":[{"ancestorTitles":["VTU Data/Airtime edge cases"],"duration":4,"failureDetails":[],"failureMessages":[],"fullName":"VTU Data/Airtime edge cases phone number normalization handles 0803..., +234803..., 234803...","invocations":1,"location":null,"numPassingAsserts":3,"retryReasons":[],"status":"passed","title":"phone number normalization handles 0803..., +234803..., 234803..."},{"ancestorTitles":["VTU Data/Airtime edge cases"],"duration":1434,"failureDetails":[],"failureMessages":[],"fullName":"VTU Data/Airtime edge cases duplicate purchase requests from rapid double-tap are idempotent","invocations":1,"location":null,"numPassingAsserts":3,"retryReasons":[],"status":"passed","title":"duplicate purchase requests from rapid double-tap are idempotent"},{"ancestorTitles":["VTU Data/Airtime edge cases"],"duration":154,"failureDetails":[],"failureMessages":[],"fullName":"VTU Data/Airtime edge cases provider false positive 200 OK with failed payload is normalized to failure","invocations":1,"location":null,"numPassingAsserts":2,"retryReasons":[],"status":"passed","title":"provider false positive 200 OK with failed payload is normalized to failure"},{"ancestorTitles":["VTU Data/Airtime edge cases"],"duration":371,"failureDetails":[],"failureMessages":[],"fullName":"VTU Data/Airtime edge cases stale plan IDs are rejected before provider submission","invocations":1,"location":null,"numPassingAsserts":1,"retryReasons":[],"status":"passed","title":"stale plan IDs are rejected before provider submission"},{"ancestorTitles":["VTU Data/Airtime edge cases"],"duration":149,"failureDetails":[],"failureMessages":[],"fullName":"VTU Data/Airtime edge cases slow webhook arrival still credits wallet idempotently","invocations":1,"location":null,"numPassingAsserts":4,"retryReasons":[],"status":"passed","title":"slow webhook arrival still credits wallet idempotently"}],"endTime":1785283657892,"message":"","name":"C:\\projects\\Data_App\\src\\tests\\edgeCases.test.ts","startTime":1785283651687,"status":"passed","summary":""},{"assertionResults":[{"ancestorTitles":["VTU Platform Verification Suite"],"duration":2688,"failureDetails":[],"failureMessages":[],"fullName":"VTU Platform Verification Suite executes the end-to-end VTU verification scenarios","invocations":1,"location":null,"numPassingAsserts":0,"retryReasons":[],"status":"passed","title":"executes the end-to-end VTU verification scenarios"}],"endTime":1785283661128,"message":"","name":"C:\\projects\\Data_App\\src\\tests\\vtu.test.ts","startTime":1785283657940,"status":"passed","summary":""},{"assertionResults":[{"ancestorTitles":["Strowallet Webhook Integration Suite"],"duration":893,"failureDetails":[],"failureMessages":[],"fullName":"Strowallet Webhook Integration Suite executes the Strowallet webhook lifecycle scenarios","invocations":1,"location":null,"numPassingAsserts":0,"retryReasons":[],"status":"passed","title":"executes the Strowallet webhook lifecycle scenarios"}],"endTime":1785283662589,"message":"","name":"C:\\projects\\Data_App\\src\\tests\\strowallet_webhook.test.ts","startTime":1785283661185,"status":"passed","summary":""}],"wasInterrupted":false}
